{"id": 4, "user_id": 7, "event_type": "view_page", "timestamp": "2025-11-25T15:42:52.666413+00:00", "page": "/products"}
{"id": 0, "user_id": 19, "event_type": "view_page", "timestamp": "2025-11-25T15:42:50.767273+00:00", "page": "/cart"}
{"id": 1, "user_id": 37, "event_type": "login", "timestamp": "2025-11-25T15:42:51.442958+00:00"}
{"id": 2, "user_id": 25, "event_type": "view_page", "timestamp": "2025-11-25T15:42:51.943684+00:00", "page": "/products/456"}
{"id": 3, "user_id": 48, "event_type": "click", "timestamp": "2025-11-25T15:42:52.264761+00:00", "page": "/checkout"}
{"id": 5, "user_id": 26, "event_type": "click", "timestamp": "2025-11-25T15:42:53.149982+00:00", "page": "/products/123"}
{"id": 9, "user_id": 50, "event_type": "login", "timestamp": "2025-11-25T15:42:54.880791+00:00"}
{"id": 6, "user_id": 48, "event_type": "logout", "timestamp": "2025-11-25T15:42:53.495077+00:00"}
{"id": 7, "user_id": 34, "event_type": "view_page", "timestamp": "2025-11-25T15:42:54.008436+00:00", "page": "/home"}
{"id": 8, "user_id": 47, "event_type": "logout", "timestamp": "2025-11-25T15:42:54.535015+00:00"}
{"id": 12, "user_id": 27, "event_type": "view_page", "timestamp": "2025-11-25T15:42:56.035471+00:00", "page": "/home"}
{"id": 10, "user_id": 46, "event_type": "logout", "timestamp": "2025-11-25T15:42:55.227378+00:00"}
{"id": 11, "user_id": 27, "event_type": "logout", "timestamp": "2025-11-25T15:42:55.562785+00:00"}
{"id": 13, "user_id": 8, "event_type": "login", "timestamp": "2025-11-25T15:42:56.560631+00:00"}
{"id": 15, "user_id": 43, "event_type": "view_page", "timestamp": "2025-11-25T15:42:57.451232+00:00", "page": "/products/123"}
{"id": 17, "user_id": 10, "event_type": "logout", "timestamp": "2025-11-25T15:42:58.157825+00:00"}
{"id": 14, "user_id": 9, "event_type": "click", "timestamp": "2025-11-25T15:42:57.083947+00:00", "page": "/cart"}
{"id": 16, "user_id": 43, "event_type": "login", "timestamp": "2025-11-25T15:42:57.866596+00:00"}
{"id": 18, "user_id": 22, "event_type": "login", "timestamp": "2025-11-25T15:42:58.572546+00:00"}
{"id": 21, "user_id": 10, "event_type": "click", "timestamp": "2025-11-25T15:42:59.584235+00:00", "page": "/products/456"}
{"id": 19, "user_id": 11, "event_type": "view_page", "timestamp": "2025-11-25T15:42:58.839898+00:00", "page": "/cart"}
{"id": 20, "user_id": 4, "event_type": "view_page", "timestamp": "2025-11-25T15:42:59.215774+00:00", "page": "/cart"}
{"id": 22, "user_id": 50, "event_type": "click", "timestamp": "2025-11-25T15:42:59.944681+00:00", "page": "/products/123"}
{"id": 24, "user_id": 24, "event_type": "logout", "timestamp": "2025-11-25T15:43:00.786821+00:00"}
{"id": 23, "user_id": 29, "event_type": "view_page", "timestamp": "2025-11-25T15:43:00.255064+00:00", "page": "/home"}
{"id": 27, "user_id": 45, "event_type": "logout", "timestamp": "2025-11-25T15:43:01.991547+00:00"}
{"id": 25, "user_id": 8, "event_type": "login", "timestamp": "2025-11-25T15:43:01.101853+00:00"}
{"id": 26, "user_id": 3, "event_type": "view_page", "timestamp": "2025-11-25T15:43:01.616180+00:00", "page": "/products"}
{"id": 29, "user_id": 43, "event_type": "click", "timestamp": "2025-11-25T15:43:02.916759+00:00", "page": "/products/456"}
{"id": 28, "user_id": 28, "event_type": "view_page", "timestamp": "2025-11-25T15:43:02.514247+00:00", "page": "/cart"}
{"id": 31, "user_id": 20, "event_type": "logout", "timestamp": "2025-11-25T15:43:03.944055+00:00"}
{"id": 30, "user_id": 19, "event_type": "login", "timestamp": "2025-11-25T15:43:03.397931+00:00"}
{"id": 32, "user_id": 5, "event_type": "click", "timestamp": "2025-11-25T15:43:04.431397+00:00", "page": "/checkout"}
{"id": 34, "user_id": 13, "event_type": "login", "timestamp": "2025-11-25T15:43:04.964208+00:00"}
{"id": 33, "user_id": 15, "event_type": "logout", "timestamp": "2025-11-25T15:43:04.705089+00:00"}
{"id": 38, "user_id": 8, "event_type": "click", "timestamp": "2025-11-25T15:43:06.276771+00:00", "page": "/home"}
{"id": 35, "user_id": 9, "event_type": "view_page", "timestamp": "2025-11-25T15:43:05.367698+00:00", "page": "/products/123"}
{"id": 37, "user_id": 24, "event_type": "login", "timestamp": "2025-11-25T15:43:05.984758+00:00"}
{"id": 36, "user_id": 32, "event_type": "logout", "timestamp": "2025-11-25T15:43:05.680875+00:00"}
{"id": 41, "user_id": 4, "event_type": "login", "timestamp": "2025-11-25T15:43:07.146200+00:00"}
{"id": 39, "user_id": 12, "event_type": "click", "timestamp": "2025-11-25T15:43:06.561456+00:00", "page": "/products/123"}
{"id": 40, "user_id": 27, "event_type": "login", "timestamp": "2025-11-25T15:43:06.882270+00:00"}
{"id": 42, "user_id": 41, "event_type": "login", "timestamp": "2025-11-25T15:43:07.625291+00:00"}
{"id": 43, "user_id": 45, "event_type": "view_page", "timestamp": "2025-11-25T15:43:07.957304+00:00", "page": "/cart"}
{"id": 45, "user_id": 26, "event_type": "view_page", "timestamp": "2025-11-25T15:43:08.578357+00:00", "page": "/products/123"}
{"id": 44, "user_id": 34, "event_type": "login", "timestamp": "2025-11-25T15:43:08.292244+00:00"}
{"id": 46, "user_id": 33, "event_type": "logout", "timestamp": "2025-11-25T15:43:08.832391+00:00"}
{"id": 47, "user_id": 47, "event_type": "click", "timestamp": "2025-11-25T15:43:09.081594+00:00", "page": "/checkout"}
{"id": 48, "user_id": 2, "event_type": "click", "timestamp": "2025-11-25T15:43:09.506913+00:00", "page": "/checkout"}
{"id": 49, "user_id": 2, "event_type": "view_page", "timestamp": "2025-11-25T15:43:09.944911+00:00", "page": "/products/456"}
